
> agenda-viva@0.1.0 dev
> next dev

▲ Next.js 16.2.9 (Turbopack)
- Local:         http://localhost:3000
- Network:       http://10.0.7.8:3000
- Environments: .env
✓ Ready in 975ms

 GET / 200 in 982ms (next.js: 292ms, application-code: 690ms)
✓ Compiled in 18ms
 GET / 200 in 293ms (next.js: 52ms, application-code: 242ms)
 GET /login 200 in 418ms (next.js: 65ms, application-code: 353ms)
(node:23536) Warning: SECURITY WARNING: The SSL modes 'prefer', 'require', and 'verify-ca' are treated as aliases for 'verify-full'.
In the next major version (pg-connection-string v3.0.0 and pg v9.0.0), these modes will adopt standard libpq semantics, which have weaker security guarantees.

To prepare for this change:
- If you want the current behavior, explicitly use 'sslmode=verify-full'
- If you want libpq compatibility now, use 'uselibpqcompat=true&sslmode=require'

See https://www.postgresql.org/docs/current/libpq-ssl.html for libpq SSL mode definitions.
(Use `node --trace-warnings ...` to show where the warning was created)
 GET /booking/clinica-demo 200 in 2.8s (next.js: 1376ms, application-code: 1424ms)
✓ Compiled in 344ms
✓ Compiled in 332ms
 GET / 200 in 1637ms (next.js: 298ms, application-code: 1339ms)
 GET /booking/clinica-demo 200 in 2.7s (next.js: 424ms, application-code: 2.3s)
✓ Compiled in 173ms
 GET /booking/clinica-demo 200 in 2.7s (next.js: 514ms, application-code: 2.2s)
✓ Compiled in 160ms
✓ Compiled in 33ms
